Compiled jquery.js  (10ms)  (pid 35510)
Compiled jquery_ujs.js  (0ms)  (pid 35510)
Compiled jquery.radio-rater.js  (0ms)  (pid 35510)
Compiled omniauth_callbacks.js  (430ms)  (pid 35510)
Compiled reviews.js  (0ms)  (pid 35510)
Compiled reviews.js  (222ms)  (pid 35510)
Compiled schools.js  (125ms)  (pid 35510)
Compiled sessions.js  (136ms)  (pid 35510)
Compiled static_pages.js  (206ms)  (pid 35510)
Compiled application.js  (1480ms)  (pid 35510)
Compiled custom.css  (7154ms)  (pid 35510)
Compiled application.css  (7199ms)  (pid 35510)
Compiled jquery.js  (12ms)  (pid 86481)
Compiled jquery_ujs.js  (1ms)  (pid 86481)
Compiled checks.js  (0ms)  (pid 86481)
Compiled jquery.radio-rater.js  (0ms)  (pid 86481)
Compiled reviews.js  (0ms)  (pid 86481)
Compiled application.js  (221ms)  (pid 86481)
Compiled custom.css  (5889ms)  (pid 86481)
Compiled application.css  (5907ms)  (pid 86481)
Compiled jquery.js  (10ms)  (pid 86481)
Compiled jquery_ujs.js  (1ms)  (pid 86481)
Compiled checks.js  (0ms)  (pid 86481)
Compiled jquery.radio-rater.js  (0ms)  (pid 86481)
Compiled reviews.js  (0ms)  (pid 86481)
Compiled application.js  (83ms)  (pid 86481)
Compiled custom.css  (5734ms)  (pid 86481)
Compiled application.css  (5757ms)  (pid 86481)
